titrate(Node(CorticalRS, 32.0 nm, fs=1.0), AcousticDrive(500.0kHz), PulsedProtocol(200.0ms, 100.0ms, 10.0Hz, 1.00), xfunc=None)	35156.25
titrate(Node(CorticalRS, 32.0 nm, fs=1.0), AcousticDrive(500.0kHz), PulsedProtocol(195.0ms, 97.5ms, 10.0Hz, 1.00), xfunc=None)	35234.375
titrate(Node(FrankenhaeuserHuxley, 32.0 nm, fs=1.00), AcousticDrive(500.0kHz), PulsedProtocol(10.0us, 10.0ms, 100.0Hz, 1.00), xfunc=None)	nan
titrate(Node(FrankenhaeuserHuxley, 32.0 nm, fs=1.00), AcousticDrive(500.0kHz), PulsedProtocol(18.3us, 10.0ms, 100.0Hz, 1.00), xfunc=None)	nan
titrate(Node(FrankenhaeuserHuxley, 32.0 nm, fs=1.00), AcousticDrive(500.0kHz), PulsedProtocol(33.6us, 10.0ms, 100.0Hz, 1.00), xfunc=None)	273554.6875
titrate(Node(FrankenhaeuserHuxley, 32.0 nm, fs=1.00), AcousticDrive(500.0kHz), PulsedProtocol(61.6us, 10.0ms, 100.0Hz, 1.00), xfunc=None)	141250.0
titrate(Node(FrankenhaeuserHuxley, 32.0 nm, fs=1.00), AcousticDrive(500.0kHz), PulsedProtocol(112.9us, 10.0ms, 100.0Hz, 1.00), xfunc=None)	108671.875
titrate(Node(FrankenhaeuserHuxley, 32.0 nm, fs=1.00), AcousticDrive(500.0kHz), PulsedProtocol(206.9us, 10.0ms, 100.0Hz, 1.00), xfunc=None)	97148.4375
titrate(Node(FrankenhaeuserHuxley, 32.0 nm, fs=1.00), AcousticDrive(500.0kHz), PulsedProtocol(379.3us, 10.0ms, 100.0Hz, 1.00), xfunc=None)	89687.5
titrate(Node(FrankenhaeuserHuxley, 32.0 nm, fs=1.00), AcousticDrive(500.0kHz), PulsedProtocol(695.2us, 10.0ms, 100.0Hz, 1.00), xfunc=None)	87148.4375
titrate(Node(FrankenhaeuserHuxley, 32.0 nm, fs=1.00), AcousticDrive(500.0kHz), PulsedProtocol(1.3ms, 10.0ms, 100.0Hz, 1.00), xfunc=None)	86367.1875
titrate(Node(FrankenhaeuserHuxley, 32.0 nm, fs=1.00), AcousticDrive(500.0kHz), PulsedProtocol(2.3ms, 10.0ms, 100.0Hz, 1.00), xfunc=None)	86171.875
titrate(Node(FrankenhaeuserHuxley, 32.0 nm, fs=1.00), AcousticDrive(500.0kHz), PulsedProtocol(4.3ms, 10.0ms, 100.0Hz, 1.00), xfunc=None)	86054.6875
titrate(Node(FrankenhaeuserHuxley, 32.0 nm, fs=1.00), AcousticDrive(500.0kHz), PulsedProtocol(7.8ms, 10.0ms, 100.0Hz, 1.00), xfunc=None)	86054.6875
titrate(Node(FrankenhaeuserHuxley, 32.0 nm, fs=1.00), AcousticDrive(500.0kHz), PulsedProtocol(14.4ms, 10.0ms, 100.0Hz, 1.00), xfunc=None)	86054.6875
titrate(Node(FrankenhaeuserHuxley, 32.0 nm, fs=1.00), AcousticDrive(500.0kHz), PulsedProtocol(26.4ms, 10.0ms, 100.0Hz, 1.00), xfunc=None)	86054.6875
titrate(Node(FrankenhaeuserHuxley, 32.0 nm, fs=1.00), AcousticDrive(500.0kHz), PulsedProtocol(48.3ms, 10.0ms, 100.0Hz, 1.00), xfunc=None)	86054.6875
titrate(Node(FrankenhaeuserHuxley, 32.0 nm, fs=1.00), AcousticDrive(500.0kHz), PulsedProtocol(88.6ms, 10.0ms, 100.0Hz, 1.00), xfunc=None)	86054.6875
titrate(Node(FrankenhaeuserHuxley, 32.0 nm, fs=1.00), AcousticDrive(500.0kHz), PulsedProtocol(162.4ms, 10.0ms, 100.0Hz, 1.00), xfunc=None)	86054.6875
titrate(Node(FrankenhaeuserHuxley, 32.0 nm, fs=1.00), AcousticDrive(500.0kHz), PulsedProtocol(297.6ms, 10.0ms, 100.0Hz, 1.00), xfunc=None)	86054.6875
titrate(Node(FrankenhaeuserHuxley, 32.0 nm, fs=1.00), AcousticDrive(500.0kHz), PulsedProtocol(545.6ms, 10.0ms, 100.0Hz, 1.00), xfunc=None)	86054.6875
titrate(Node(FrankenhaeuserHuxley, 32.0 nm, fs=1.00), AcousticDrive(500.0kHz), PulsedProtocol(1.0s, 10.0ms, 100.0Hz, 1.00), xfunc=None)	86054.6875
titrate(Node(Sundt, 32.0 nm, fs=1.00), AcousticDrive(500.0kHz), PulsedProtocol(10.0us, 10.0ms, 100.0Hz, 1.00), xfunc=None)	nan
titrate(Node(Sundt, 32.0 nm, fs=1.00), AcousticDrive(500.0kHz), PulsedProtocol(18.3us, 10.0ms, 100.0Hz, 1.00), xfunc=None)	nan
titrate(Node(Sundt, 32.0 nm, fs=1.00), AcousticDrive(500.0kHz), PulsedProtocol(33.6us, 10.0ms, 100.0Hz, 1.00), xfunc=None)	nan
titrate(Node(Sundt, 32.0 nm, fs=1.00), AcousticDrive(500.0kHz), PulsedProtocol(61.6us, 10.0ms, 100.0Hz, 1.00), xfunc=None)	nan
titrate(Node(Sundt, 32.0 nm, fs=1.00), AcousticDrive(500.0kHz), PulsedProtocol(112.9us, 10.0ms, 100.0Hz, 1.00), xfunc=None)	nan
titrate(Node(Sundt, 32.0 nm, fs=1.00), AcousticDrive(500.0kHz), PulsedProtocol(206.9us, 10.0ms, 100.0Hz, 1.00), xfunc=None)	nan
titrate(Node(Sundt, 32.0 nm, fs=1.00), AcousticDrive(500.0kHz), PulsedProtocol(379.3us, 10.0ms, 100.0Hz, 1.00), xfunc=None)	nan
titrate(Node(Sundt, 32.0 nm, fs=1.00), AcousticDrive(500.0kHz), PulsedProtocol(695.2us, 10.0ms, 100.0Hz, 1.00), xfunc=None)	nan
titrate(Node(Sundt, 32.0 nm, fs=1.00), AcousticDrive(500.0kHz), PulsedProtocol(1.3ms, 10.0ms, 100.0Hz, 1.00), xfunc=None)	330390.625
titrate(Node(Sundt, 32.0 nm, fs=1.00), AcousticDrive(500.0kHz), PulsedProtocol(2.3ms, 10.0ms, 100.0Hz, 1.00), xfunc=None)	90585.9375
titrate(Node(Sundt, 32.0 nm, fs=1.00), AcousticDrive(500.0kHz), PulsedProtocol(4.3ms, 10.0ms, 100.0Hz, 1.00), xfunc=None)	45742.1875
titrate(Node(Sundt, 32.0 nm, fs=1.00), AcousticDrive(500.0kHz), PulsedProtocol(7.8ms, 10.0ms, 100.0Hz, 1.00), xfunc=None)	33906.25
titrate(Node(Sundt, 32.0 nm, fs=1.00), AcousticDrive(500.0kHz), PulsedProtocol(14.4ms, 10.0ms, 100.0Hz, 1.00), xfunc=None)	30312.5
titrate(Node(Sundt, 32.0 nm, fs=1.00), AcousticDrive(500.0kHz), PulsedProtocol(26.4ms, 10.0ms, 100.0Hz, 1.00), xfunc=None)	28085.9375
titrate(Node(Sundt, 32.0 nm, fs=1.00), AcousticDrive(500.0kHz), PulsedProtocol(48.3ms, 10.0ms, 100.0Hz, 1.00), xfunc=None)	26640.625
titrate(Node(Sundt, 32.0 nm, fs=1.00), AcousticDrive(500.0kHz), PulsedProtocol(88.6ms, 10.0ms, 100.0Hz, 1.00), xfunc=None)	26015.625
titrate(Node(Sundt, 32.0 nm, fs=1.00), AcousticDrive(500.0kHz), PulsedProtocol(162.4ms, 10.0ms, 100.0Hz, 1.00), xfunc=None)	25703.125
titrate(Node(Sundt, 32.0 nm, fs=1.00), AcousticDrive(500.0kHz), PulsedProtocol(297.6ms, 10.0ms, 100.0Hz, 1.00), xfunc=None)	25625.0
titrate(Node(Sundt, 32.0 nm, fs=1.00), AcousticDrive(500.0kHz), PulsedProtocol(545.6ms, 10.0ms, 100.0Hz, 1.00), xfunc=None)	25585.9375
titrate(Node(Sundt, 32.0 nm, fs=1.00), AcousticDrive(500.0kHz), PulsedProtocol(1.0s, 10.0ms, 100.0Hz, 1.00), xfunc=None)	25585.9375
titrate(Node(FrankenhaeuserHuxley, 32.0 nm, fs=1.00), AcousticDrive(500.0kHz), PulsedProtocol(13.4us, 10.0ms, 100.0Hz, 1.00), xfunc=None)	nan
titrate(Node(FrankenhaeuserHuxley, 32.0 nm, fs=1.00), AcousticDrive(500.0kHz), PulsedProtocol(18.0us, 10.0ms, 100.0Hz, 1.00), xfunc=None)	nan
titrate(Node(FrankenhaeuserHuxley, 32.0 nm, fs=1.00), AcousticDrive(500.0kHz), PulsedProtocol(24.2us, 10.0ms, 100.0Hz, 1.00), xfunc=None)	481875.0
titrate(Node(FrankenhaeuserHuxley, 32.0 nm, fs=1.00), AcousticDrive(500.0kHz), PulsedProtocol(32.6us, 10.0ms, 100.0Hz, 1.00), xfunc=None)	286328.125
titrate(Node(FrankenhaeuserHuxley, 32.0 nm, fs=1.00), AcousticDrive(500.0kHz), PulsedProtocol(43.8us, 10.0ms, 100.0Hz, 1.00), xfunc=None)	193281.25
titrate(Node(FrankenhaeuserHuxley, 32.0 nm, fs=1.00), AcousticDrive(500.0kHz), PulsedProtocol(58.8us, 10.0ms, 100.0Hz, 1.00), xfunc=None)	145859.375
titrate(Node(FrankenhaeuserHuxley, 32.0 nm, fs=1.00), AcousticDrive(500.0kHz), PulsedProtocol(79.0us, 10.0ms, 100.0Hz, 1.00), xfunc=None)	122265.625
titrate(Node(FrankenhaeuserHuxley, 32.0 nm, fs=1.00), AcousticDrive(500.0kHz), PulsedProtocol(106.1us, 10.0ms, 100.0Hz, 1.00), xfunc=None)	110390.625
titrate(Node(FrankenhaeuserHuxley, 32.0 nm, fs=1.00), AcousticDrive(500.0kHz), PulsedProtocol(142.5us, 10.0ms, 100.0Hz, 1.00), xfunc=None)	103867.1875
titrate(Node(FrankenhaeuserHuxley, 32.0 nm, fs=1.00), AcousticDrive(500.0kHz), PulsedProtocol(191.4us, 10.0ms, 100.0Hz, 1.00), xfunc=None)	98710.9375
titrate(Node(FrankenhaeuserHuxley, 32.0 nm, fs=1.00), AcousticDrive(500.0kHz), PulsedProtocol(257.2us, 10.0ms, 100.0Hz, 1.00), xfunc=None)	93593.75
titrate(Node(FrankenhaeuserHuxley, 32.0 nm, fs=1.00), AcousticDrive(500.0kHz), PulsedProtocol(345.5us, 10.0ms, 100.0Hz, 1.00), xfunc=None)	90390.625
titrate(Node(FrankenhaeuserHuxley, 32.0 nm, fs=1.00), AcousticDrive(500.0kHz), PulsedProtocol(464.2us, 10.0ms, 100.0Hz, 1.00), xfunc=None)	88515.625
titrate(Node(FrankenhaeuserHuxley, 32.0 nm, fs=1.00), AcousticDrive(500.0kHz), PulsedProtocol(623.6us, 10.0ms, 100.0Hz, 1.00), xfunc=None)	87421.875
titrate(Node(FrankenhaeuserHuxley, 32.0 nm, fs=1.00), AcousticDrive(500.0kHz), PulsedProtocol(837.7us, 10.0ms, 100.0Hz, 1.00), xfunc=None)	86796.875
titrate(Node(FrankenhaeuserHuxley, 32.0 nm, fs=1.00), AcousticDrive(500.0kHz), PulsedProtocol(1.1ms, 10.0ms, 100.0Hz, 1.00), xfunc=None)	86484.375
titrate(Node(FrankenhaeuserHuxley, 32.0 nm, fs=1.00), AcousticDrive(500.0kHz), PulsedProtocol(1.5ms, 10.0ms, 100.0Hz, 1.00), xfunc=None)	86250.0
titrate(Node(FrankenhaeuserHuxley, 32.0 nm, fs=1.00), AcousticDrive(500.0kHz), PulsedProtocol(2.0ms, 10.0ms, 100.0Hz, 1.00), xfunc=None)	86171.875
titrate(Node(FrankenhaeuserHuxley, 32.0 nm, fs=1.00), AcousticDrive(500.0kHz), PulsedProtocol(2.7ms, 10.0ms, 100.0Hz, 1.00), xfunc=None)	86093.75
titrate(Node(FrankenhaeuserHuxley, 32.0 nm, fs=1.00), AcousticDrive(500.0kHz), PulsedProtocol(3.7ms, 10.0ms, 100.0Hz, 1.00), xfunc=None)	86093.75
titrate(Node(FrankenhaeuserHuxley, 32.0 nm, fs=1.00), AcousticDrive(500.0kHz), PulsedProtocol(4.9ms, 10.0ms, 100.0Hz, 1.00), xfunc=None)	86054.6875
titrate(Node(FrankenhaeuserHuxley, 32.0 nm, fs=1.00), AcousticDrive(500.0kHz), PulsedProtocol(6.6ms, 10.0ms, 100.0Hz, 1.00), xfunc=None)	86054.6875
titrate(Node(FrankenhaeuserHuxley, 32.0 nm, fs=1.00), AcousticDrive(500.0kHz), PulsedProtocol(8.9ms, 10.0ms, 100.0Hz, 1.00), xfunc=None)	86054.6875
titrate(Node(FrankenhaeuserHuxley, 32.0 nm, fs=1.00), AcousticDrive(500.0kHz), PulsedProtocol(11.9ms, 10.0ms, 100.0Hz, 1.00), xfunc=None)	86054.6875
titrate(Node(FrankenhaeuserHuxley, 32.0 nm, fs=1.00), AcousticDrive(500.0kHz), PulsedProtocol(16.0ms, 10.0ms, 100.0Hz, 1.00), xfunc=None)	86054.6875
titrate(Node(FrankenhaeuserHuxley, 32.0 nm, fs=1.00), AcousticDrive(500.0kHz), PulsedProtocol(21.5ms, 10.0ms, 100.0Hz, 1.00), xfunc=None)	86054.6875
titrate(Node(FrankenhaeuserHuxley, 32.0 nm, fs=1.00), AcousticDrive(500.0kHz), PulsedProtocol(28.9ms, 10.0ms, 100.0Hz, 1.00), xfunc=None)	86054.6875
titrate(Node(FrankenhaeuserHuxley, 32.0 nm, fs=1.00), AcousticDrive(500.0kHz), PulsedProtocol(38.9ms, 10.0ms, 100.0Hz, 1.00), xfunc=None)	86054.6875
titrate(Node(FrankenhaeuserHuxley, 32.0 nm, fs=1.00), AcousticDrive(500.0kHz), PulsedProtocol(52.2ms, 10.0ms, 100.0Hz, 1.00), xfunc=None)	86054.6875
titrate(Node(FrankenhaeuserHuxley, 32.0 nm, fs=1.00), AcousticDrive(500.0kHz), PulsedProtocol(70.2ms, 10.0ms, 100.0Hz, 1.00), xfunc=None)	86054.6875
titrate(Node(FrankenhaeuserHuxley, 32.0 nm, fs=1.00), AcousticDrive(500.0kHz), PulsedProtocol(94.3ms, 10.0ms, 100.0Hz, 1.00), xfunc=None)	86054.6875
titrate(Node(FrankenhaeuserHuxley, 32.0 nm, fs=1.00), AcousticDrive(500.0kHz), PulsedProtocol(126.6ms, 10.0ms, 100.0Hz, 1.00), xfunc=None)	86054.6875
titrate(Node(FrankenhaeuserHuxley, 32.0 nm, fs=1.00), AcousticDrive(500.0kHz), PulsedProtocol(170.1ms, 10.0ms, 100.0Hz, 1.00), xfunc=None)	86054.6875
titrate(Node(FrankenhaeuserHuxley, 32.0 nm, fs=1.00), AcousticDrive(500.0kHz), PulsedProtocol(228.5ms, 10.0ms, 100.0Hz, 1.00), xfunc=None)	86054.6875
titrate(Node(FrankenhaeuserHuxley, 32.0 nm, fs=1.00), AcousticDrive(500.0kHz), PulsedProtocol(307.0ms, 10.0ms, 100.0Hz, 1.00), xfunc=None)	86054.6875
titrate(Node(FrankenhaeuserHuxley, 32.0 nm, fs=1.00), AcousticDrive(500.0kHz), PulsedProtocol(412.5ms, 10.0ms, 100.0Hz, 1.00), xfunc=None)	86054.6875
titrate(Node(FrankenhaeuserHuxley, 32.0 nm, fs=1.00), AcousticDrive(500.0kHz), PulsedProtocol(554.1ms, 10.0ms, 100.0Hz, 1.00), xfunc=None)	86054.6875
titrate(Node(FrankenhaeuserHuxley, 32.0 nm, fs=1.00), AcousticDrive(500.0kHz), PulsedProtocol(744.4ms, 10.0ms, 100.0Hz, 1.00), xfunc=None)	86054.6875
titrate(Node(Sundt, 32.0 nm, fs=1.00), AcousticDrive(500.0kHz), PulsedProtocol(13.4us, 10.0ms, 100.0Hz, 1.00), xfunc=None)	nan
titrate(Node(Sundt, 32.0 nm, fs=1.00), AcousticDrive(500.0kHz), PulsedProtocol(18.0us, 10.0ms, 100.0Hz, 1.00), xfunc=None)	nan
titrate(Node(Sundt, 32.0 nm, fs=1.00), AcousticDrive(500.0kHz), PulsedProtocol(24.2us, 10.0ms, 100.0Hz, 1.00), xfunc=None)	nan
titrate(Node(Sundt, 32.0 nm, fs=1.00), AcousticDrive(500.0kHz), PulsedProtocol(32.6us, 10.0ms, 100.0Hz, 1.00), xfunc=None)	nan
titrate(Node(Sundt, 32.0 nm, fs=1.00), AcousticDrive(500.0kHz), PulsedProtocol(43.8us, 10.0ms, 100.0Hz, 1.00), xfunc=None)	nan
titrate(Node(Sundt, 32.0 nm, fs=1.00), AcousticDrive(500.0kHz), PulsedProtocol(58.8us, 10.0ms, 100.0Hz, 1.00), xfunc=None)	nan
titrate(Node(Sundt, 32.0 nm, fs=1.00), AcousticDrive(500.0kHz), PulsedProtocol(79.0us, 10.0ms, 100.0Hz, 1.00), xfunc=None)	nan
titrate(Node(Sundt, 32.0 nm, fs=1.00), AcousticDrive(500.0kHz), PulsedProtocol(106.1us, 10.0ms, 100.0Hz, 1.00), xfunc=None)	nan
titrate(Node(Sundt, 32.0 nm, fs=1.00), AcousticDrive(500.0kHz), PulsedProtocol(142.5us, 10.0ms, 100.0Hz, 1.00), xfunc=None)	nan
titrate(Node(Sundt, 32.0 nm, fs=1.00), AcousticDrive(500.0kHz), PulsedProtocol(191.4us, 10.0ms, 100.0Hz, 1.00), xfunc=None)	nan
titrate(Node(Sundt, 32.0 nm, fs=1.00), AcousticDrive(500.0kHz), PulsedProtocol(257.2us, 10.0ms, 100.0Hz, 1.00), xfunc=None)	nan
titrate(Node(Sundt, 32.0 nm, fs=1.00), AcousticDrive(500.0kHz), PulsedProtocol(345.5us, 10.0ms, 100.0Hz, 1.00), xfunc=None)	nan
titrate(Node(Sundt, 32.0 nm, fs=1.00), AcousticDrive(500.0kHz), PulsedProtocol(464.2us, 10.0ms, 100.0Hz, 1.00), xfunc=None)	nan
titrate(Node(Sundt, 32.0 nm, fs=1.00), AcousticDrive(500.0kHz), PulsedProtocol(623.6us, 10.0ms, 100.0Hz, 1.00), xfunc=None)	nan
titrate(Node(Sundt, 32.0 nm, fs=1.00), AcousticDrive(500.0kHz), PulsedProtocol(837.7us, 10.0ms, 100.0Hz, 1.00), xfunc=None)	nan
titrate(Node(Sundt, 32.0 nm, fs=1.00), AcousticDrive(500.0kHz), PulsedProtocol(1.1ms, 10.0ms, 100.0Hz, 1.00), xfunc=None)	456718.75
titrate(Node(Sundt, 32.0 nm, fs=1.00), AcousticDrive(500.0kHz), PulsedProtocol(1.5ms, 10.0ms, 100.0Hz, 1.00), xfunc=None)	216367.1875
titrate(Node(Sundt, 32.0 nm, fs=1.00), AcousticDrive(500.0kHz), PulsedProtocol(2.0ms, 10.0ms, 100.0Hz, 1.00), xfunc=None)	115429.6875
titrate(Node(Sundt, 32.0 nm, fs=1.00), AcousticDrive(500.0kHz), PulsedProtocol(2.7ms, 10.0ms, 100.0Hz, 1.00), xfunc=None)	71875.0
titrate(Node(Sundt, 32.0 nm, fs=1.00), AcousticDrive(500.0kHz), PulsedProtocol(3.7ms, 10.0ms, 100.0Hz, 1.00), xfunc=None)	51875.0
titrate(Node(Sundt, 32.0 nm, fs=1.00), AcousticDrive(500.0kHz), PulsedProtocol(4.9ms, 10.0ms, 100.0Hz, 1.00), xfunc=None)	41406.25
titrate(Node(Sundt, 32.0 nm, fs=1.00), AcousticDrive(500.0kHz), PulsedProtocol(6.6ms, 10.0ms, 100.0Hz, 1.00), xfunc=None)	35781.25
titrate(Node(Sundt, 32.0 nm, fs=1.00), AcousticDrive(500.0kHz), PulsedProtocol(8.9ms, 10.0ms, 100.0Hz, 1.00), xfunc=None)	32929.6875
titrate(Node(Sundt, 32.0 nm, fs=1.00), AcousticDrive(500.0kHz), PulsedProtocol(11.9ms, 10.0ms, 100.0Hz, 1.00), xfunc=None)	31171.875
titrate(Node(Sundt, 32.0 nm, fs=1.00), AcousticDrive(500.0kHz), PulsedProtocol(16.0ms, 10.0ms, 100.0Hz, 1.00), xfunc=None)	29921.875
titrate(Node(Sundt, 32.0 nm, fs=1.00), AcousticDrive(500.0kHz), PulsedProtocol(21.5ms, 10.0ms, 100.0Hz, 1.00), xfunc=None)	28906.25
titrate(Node(Sundt, 32.0 nm, fs=1.00), AcousticDrive(500.0kHz), PulsedProtocol(28.9ms, 10.0ms, 100.0Hz, 1.00), xfunc=None)	27773.4375
titrate(Node(Sundt, 32.0 nm, fs=1.00), AcousticDrive(500.0kHz), PulsedProtocol(38.9ms, 10.0ms, 100.0Hz, 1.00), xfunc=None)	27031.25
titrate(Node(Sundt, 32.0 nm, fs=1.00), AcousticDrive(500.0kHz), PulsedProtocol(52.2ms, 10.0ms, 100.0Hz, 1.00), xfunc=None)	26484.375
titrate(Node(Sundt, 32.0 nm, fs=1.00), AcousticDrive(500.0kHz), PulsedProtocol(70.2ms, 10.0ms, 100.0Hz, 1.00), xfunc=None)	26171.875
titrate(Node(Sundt, 32.0 nm, fs=1.00), AcousticDrive(500.0kHz), PulsedProtocol(94.3ms, 10.0ms, 100.0Hz, 1.00), xfunc=None)	25937.5
titrate(Node(Sundt, 32.0 nm, fs=1.00), AcousticDrive(500.0kHz), PulsedProtocol(126.6ms, 10.0ms, 100.0Hz, 1.00), xfunc=None)	25781.25
titrate(Node(Sundt, 32.0 nm, fs=1.00), AcousticDrive(500.0kHz), PulsedProtocol(170.1ms, 10.0ms, 100.0Hz, 1.00), xfunc=None)	25703.125
titrate(Node(Sundt, 32.0 nm, fs=1.00), AcousticDrive(500.0kHz), PulsedProtocol(228.5ms, 10.0ms, 100.0Hz, 1.00), xfunc=None)	25703.125
titrate(Node(Sundt, 32.0 nm, fs=1.00), AcousticDrive(500.0kHz), PulsedProtocol(307.0ms, 10.0ms, 100.0Hz, 1.00), xfunc=None)	25625.0
titrate(Node(Sundt, 32.0 nm, fs=1.00), AcousticDrive(500.0kHz), PulsedProtocol(412.5ms, 10.0ms, 100.0Hz, 1.00), xfunc=None)	25625.0
titrate(Node(Sundt, 32.0 nm, fs=1.00), AcousticDrive(500.0kHz), PulsedProtocol(554.1ms, 10.0ms, 100.0Hz, 1.00), xfunc=None)	25585.9375
titrate(Node(Sundt, 32.0 nm, fs=1.00), AcousticDrive(500.0kHz), PulsedProtocol(744.4ms, 10.0ms, 100.0Hz, 1.00), xfunc=None)	25585.9375
titrate(Node(CorticalRS, 32.0 nm, fs=1.00), AcousticDrive(500.0kHz), PulsedProtocol(100.0ms, 50.0ms, 100.0Hz, 1.00), xfunc=None)	38867.1875
titrate(Node(CorticalRS, 32.0 nm, fs=1.00), AcousticDrive(500.0kHz, 100.0kPa), PulsedProtocol(251.0ms, 50.0ms, 100.0Hz, 0.50), xfunc=None)	48593.75
