This is XeTeX, Version 3.14159265-2.6-0.999991 (TeX Live 2019) (preloaded format=xelatex 2020.2.20)  15 SEP 2020 12:07
entering extended mode
 restricted \write18 enabled.
 file:line:error style messages enabled.
 %&-line parsing enabled.
**fr_myel200.tex
(./fr_myel200.tex
LaTeX2e <2018-12-01>
(/usr/local/texlive/2019/texmf-dist/tex/latex/base/article.cls
Document Class: article 2018/09/03 v1.4i Standard LaTeX document class
(/usr/local/texlive/2019/texmf-dist/tex/latex/base/size10.clo
File: size10.clo 2018/09/03 v1.4i Standard LaTeX file (size option)
)
\c@part=\count80
\c@section=\count81
\c@subsection=\count82
\c@subsubsection=\count83
\c@paragraph=\count84
\c@subparagraph=\count85
\c@figure=\count86
\c@table=\count87
\abovecaptionskip=\skip41
\belowcaptionskip=\skip42
\bibindent=\dimen102
) (/usr/local/texlive/2019/texmf-dist/tex/latex/base/inputenc.sty
Package: inputenc 2018/08/11 v1.3c Input encoding file
\inpenc@prehook=\toks14
\inpenc@posthook=\toks15


Package inputenc Warning: inputenc package ignored with utf8 based engines.

) (/Users/elena/Documents/MasterThesis/Code/exsonic/notebooks/.texpadtmp/fr_myel200.aux)
\openout1 = `fr_myel200.aux'.

LaTeX Font Info:    Checking defaults for OML/cmm/m/it on input line 4.
LaTeX Font Info:    ... okay on input line 4.
LaTeX Font Info:    Checking defaults for T1/cmr/m/n on input line 4.
LaTeX Font Info:    ... okay on input line 4.
LaTeX Font Info:    Checking defaults for OT1/cmr/m/n on input line 4.
LaTeX Font Info:    ... okay on input line 4.
LaTeX Font Info:    Checking defaults for OMS/cmsy/m/n on input line 4.
LaTeX Font Info:    ... okay on input line 4.
LaTeX Font Info:    Checking defaults for TU/lmr/m/n on input line 4.
LaTeX Font Info:    ... okay on input line 4.
LaTeX Font Info:    Checking defaults for OMX/cmex/m/n on input line 4.
LaTeX Font Info:    ... okay on input line 4.
LaTeX Font Info:    Checking defaults for U/cmr/m/n on input line 4.
LaTeX Font Info:    ... okay on input line 4.

Overfull \hbox (34.44pt too wide) in paragraph at lines 4--4
[]\TU/lmr/m/n/10 0.000000000000000000e+00 0.000000000000000000e+00 0.000000000000000000e+00
 []


Overfull \hbox (0.54001pt too wide) in paragraph at lines 4--4
\TU/lmr/m/n/10 0.000000000000000000e+00 9.976416929365627961e-01 9.968883721850542168e-
 []


Overfull \hbox (0.54001pt too wide) in paragraph at lines 4--4
\TU/lmr/m/n/10 0.000000000000000000e+00 9.978385454376832442e-01 9.971686766026777171e-
 []


Overfull \hbox (0.54001pt too wide) in paragraph at lines 4--4
\TU/lmr/m/n/10 0.000000000000000000e+00 9.980229666409142775e-01 9.974841673722975033e-
 []


Overfull \hbox (0.54001pt too wide) in paragraph at lines 4--4
\TU/lmr/m/n/10 0.000000000000000000e+00 9.981419893541714217e-01 9.976289088013244877e-
 []


Underfull \hbox (badness 10000) in paragraph at lines 4--4

 []

[1

] (/Users/elena/Documents/MasterThesis/Code/exsonic/notebooks/.texpadtmp/fr_myel200.aux) ) 
Here is how much of TeX's memory you used:
 222 strings out of 492916
 3009 string characters out of 6133345
 65431 words of memory out of 5000000
 4357 multiletter control sequences out of 15000+600000
 3648 words of font info for 15 fonts, out of 8000000 for 9000
 1348 hyphenation exceptions out of 8191
 22i,4n,18p,848b,107s stack positions out of 5000i,500n,10000p,200000b,80000s

Output written on /Users/elena/Documents/MasterThesis/Code/exsonic/notebooks/.texpadtmp/fr_myel200.pdf (1 page).
